0 info it worked if it ends with ok
1 verbose cli [ 'node', '/usr/local/bin/npm', 'run', 'deploy' ]
2 info using npm@1.4.9
3 info using node@v0.10.28
4 verbose run-script [ 'predeploy', 'deploy', 'postdeploy' ]
5 info predeploy Freeman3D@0.0.1
6 info deploy Freeman3D@0.0.1
7 verbose unsafe-perm in lifecycle true
8 info Freeman3D@0.0.1 Failed to exec deploy script
9 error Freeman3D@0.0.1 deploy: `grunt s3`
9 error Exit status 3
10 error Failed at the Freeman3D@0.0.1 deploy script.
10 error This is most likely a problem with the Freeman3D package,
10 error not with npm itself.
10 error Tell the author that this fails on your system:
10 error     grunt s3
10 error You can get their info via:
10 error     npm owner ls Freeman3D
10 error There is likely additional logging output above.
11 error System Darwin 14.3.0
12 error command "node" "/usr/local/bin/npm" "run" "deploy"
13 error cwd /Users/nfrmn/Projects/3d
14 error node -v v0.10.28
15 error npm -v 1.4.9
16 error code ELIFECYCLE
17 verbose exit [ 1, true ]
